
ROM used:   775/8192 (9%)
            775/8192 (9%) including unused fragments

            0.5 Average locations per line
            3.6 Average locations per statement

RAM used:   37/368 (10%) at main() level
            47/368 (13%) worst case

Stack used: 3 worst case (2 in main + 1 for interrupts)
Stack size: 8

Lines Stmts  %   Files
----- ----- ---  -----
  142    90  42  main.c
  768     0   0  C:\Program Files (x86)\PICC\Devices\16f887.h
   37     0   0  C:\Program Files (x86)\PICC\Drivers\stdio.h
  423   125  58  C:\Program Files (x86)\PICC\Drivers\string.h
   32     0   0  C:\Program Files (x86)\PICC\Drivers\stddef.h
   28     0   0  C:\Program Files (x86)\PICC\Drivers\ctype.h
----- -----
 1430   215 Total

Page ROM  %  RAM   Vol Diff  Functions:
---- --- --- ---   --- ----  ----------
0     20   3    1             @delay_ms1
0     21   3    2   129  3.8  _Interrupt_RDA
0     14   2    0   981  7.3  @const724
0     25   3    2   251  4.3  Out_byte
0     21   3    0   106  1.3  OutToLed
0     19   2    2    91  3.0  LED_decoder1
0     21   3    3             @DIV88
0     19   2    2    91  3.0  LED_decoder2
0    379  49    2  2722  8.9  MAIN
0     37   5    2             @MUL88
0      7   1    0             @const755
0     88  11    4             @PSTRINGC7_9600_62_63
0      8   1    0             @const758
0      7   1    0             @const759
0      8   1    0             @const760
 Inline         0             @cinit1

Program metrics:
    Functions               7
    Statements              215
    Comments                340
    Volume (V)              5691
    Difficulty (D)          31.7
    Effort to implement (E) 180422
    Time to implement (T)   2 hours, 47 minutes
    Est Delivered Bugs (B)  1
    Cyclomatic Complexity   9
    Maintainability (MI)    31

 Segment     Used  Free
-----------  ----  ----
00000-00003     4  0  
00004-00050    77  0  
00051-007FF   694  1273  
00800-00FFF     0  2048  
01000-017FF     0  2048  
01800-01FFF     0  2048  



